<?xml version="1.0" encoding="UTF-8"?>
<testsuite name="TodoTest" tests="1" skipped="0" failures="0" errors="0" timestamp="2022-02-19T10:17:17" hostname="Joeies-MacBook-Pro.local" time="0.013">
  <properties/>
  <testcase name="toStringTest()" classname="TodoTest" time="0.013"/>
  <system-out><![CDATA[]]></system-out>
  <system-err><![CDATA[]]></system-err>
</testsuite>
